<testExecutions version="1">
    <file path="tests/demo/sample_test.py">
        <testCase name="test_say_hello_to" duration="5">
            <failure message="AssertionError: assert 'Hello Bob!' == 'Hello Bobby!'&#10;  - Hello Bobby!&#10;  ?          --&#10;  + Hello Bob!">names = ('Bob', '', None, 123, [], ())

                def test_say_hello_to(names):
                    assert say_hello_to('Stefan') == 'Hello Stefan!'
                
                    bob, empty, none, integer, li, tup = names
                
            &gt;       assert say_hello_to(bob) == 'Hello Bobby!'
            E       AssertionError: assert 'Hello Bob!' == 'Hello Bobby!'
            E         - Hello Bobby!
            E         ?          --
            E         + Hello Bob!

            tests/demo/sample_test.py:24: AssertionError</failure>
        </testCase>        
    </file>
</testExecutions>
