<testExecutions version="1">
    <file path="tests/sample_test.py">
        <testCase name="test_say_hello_to" duration="5">
            <error message="short">stacktrace</error>
        </testCase>        
    </file>
</testExecutions>
